This is pdfTeX, Version 3.141592653-2.6-1.40.24 (TeX Live 2022) (preloaded format=pdflatex 2022.4.23)  24 APR 2022 16:01
entering extended mode
 restricted \write18 enabled.
 %&-line parsing enabled.
**condensa.tex
(./condensa.tex
LaTeX2e <2021-11-15> patch level 1
L3 programming layer <2022-04-20>
(c:/texlive/2022/texmf-dist/tex/latex/base/article.cls
Document Class: article 2021/10/04 v1.4n Standard LaTeX document class
(c:/texlive/2022/texmf-dist/tex/latex/base/size10.clo
File: size10.clo 2021/10/04 v1.4n Standard LaTeX file (size option)
)
\c@part=\count185
\c@section=\count186
\c@subsection=\count187
\c@subsubsection=\count188
\c@paragraph=\count189
\c@subparagraph=\count190
\c@figure=\count191
\c@table=\count192
\abovecaptionskip=\skip47
\belowcaptionskip=\skip48
\bibindent=\dimen138
)
(c:/texlive/2022/texmf-dist/tex/latex/amsmath/amsmath.sty
Package: amsmath 2021/10/15 v2.17l AMS math features
\@mathmargin=\skip49

For additional information on amsmath, use the `?' option.
(c:/texlive/2022/texmf-dist/tex/latex/amsmath/amstext.sty
Package: amstext 2021/08/26 v2.01 AMS text

(c:/texlive/2022/texmf-dist/tex/latex/amsmath/amsgen.sty
File: amsgen.sty 1999/11/30 v2.0 generic functions
\@emptytoks=\toks16
\ex@=\dimen139
))
(c:/texlive/2022/texmf-dist/tex/latex/amsmath/amsbsy.sty
Package: amsbsy 1999/11/29 v1.2d Bold Symbols
\pmbraise@=\dimen140
)
(c:/texlive/2022/texmf-dist/tex/latex/amsmath/amsopn.sty
Package: amsopn 2021/08/26 v2.02 operator names
)
\inf@bad=\count193
LaTeX Info: Redefining \frac on input line 234.
\uproot@=\count194
\leftroot@=\count195
LaTeX Info: Redefining \overline on input line 399.
\classnum@=\count196
\DOTSCASE@=\count197
LaTeX Info: Redefining \ldots on input line 496.
LaTeX Info: Redefining \dots on input line 499.
LaTeX Info: Redefining \cdots on input line 620.
\Mathstrutbox@=\box50
\strutbox@=\box51
\big@size=\dimen141
LaTeX Font Info:    Redeclaring font encoding OML on input line 743.
LaTeX Font Info:    Redeclaring font encoding OMS on input line 744.
\macc@depth=\count198
\c@MaxMatrixCols=\count199
\dotsspace@=\muskip16
\c@parentequation=\count266
\dspbrk@lvl=\count267
\tag@help=\toks17
\row@=\count268
\column@=\count269
\maxfields@=\count270
\andhelp@=\toks18
\eqnshift@=\dimen142
\alignsep@=\dimen143
\tagshift@=\dimen144
\tagwidth@=\dimen145
\totwidth@=\dimen146
\lineht@=\dimen147
\@envbody=\toks19
\multlinegap=\skip50
\multlinetaggap=\skip51
\mathdisplay@stack=\toks20
LaTeX Info: Redefining \[ on input line 2938.
LaTeX Info: Redefining \] on input line 2939.
)
(c:/texlive/2022/texmf-dist/tex/latex/amsfonts/amsfonts.sty
Package: amsfonts 2013/01/14 v3.01 Basic AMSFonts support
\symAMSa=\mathgroup4
\symAMSb=\mathgroup5
LaTeX Font Info:    Redeclaring math symbol \hbar on input line 98.
LaTeX Font Info:    Overwriting math alphabet `\mathfrak' in version `bold'
(Font)                  U/euf/m/n --> U/euf/b/n on input line 106.
)
(c:/texlive/2022/texmf-dist/tex/latex/amsfonts/amssymb.sty
Package: amssymb 2013/01/14 v3.01 AMS font symbols
)

! LaTeX Error: File `mathrsfs.sty' not found.

Type X to quit or <RETURN> to proceed,
or enter new name. (Default extension: sty)

Enter file name: 
(c:/texlive/2022/texmf-dist/tex/latex/l3backend/l3backend-pdftex.def
File: l3backend-pdftex.def 2022-04-20 L3 backend support: PDF output (pdfTeX)
\l__color_backend_stack_int=\count271
\l__pdf_internal_box=\box52
)
(./condensa.aux)
\openout1 = `condensa.aux'.

LaTeX Font Info:    Checking defaults for OML/cmm/m/it on input line 7.
LaTeX Font Info:    ... okay on input line 7.
LaTeX Font Info:    Checking defaults for OMS/cmsy/m/n on input line 7.
LaTeX Font Info:    ... okay on input line 7.
LaTeX Font Info:    Checking defaults for OT1/cmr/m/n on input line 7.
LaTeX Font Info:    ... okay on input line 7.
LaTeX Font Info:    Checking defaults for T1/cmr/m/n on input line 7.
LaTeX Font Info:    ... okay on input line 7.
LaTeX Font Info:    Checking defaults for TS1/cmr/m/n on input line 7.
LaTeX Font Info:    ... okay on input line 7.
LaTeX Font Info:    Checking defaults for OMX/cmex/m/n on input line 7.
LaTeX Font Info:    ... okay on input line 7.
LaTeX Font Info:    Checking defaults for U/cmr/m/n on input line 7.
LaTeX Font Info:    ... okay on input line 7.
LaTeX Font Info:    Trying to load font information for U+msa on input line 15.

 (c:/texlive/2022/texmf-dist/tex/latex/amsfonts/umsa.fd
File: umsa.fd 2013/01/14 v3.01 AMS symbols A
)
LaTeX Font Info:    Trying to load font information for U+msb on input line 15.


(c:/texlive/2022/texmf-dist/tex/latex/amsfonts/umsb.fd
File: umsb.fd 2013/01/14 v3.01 AMS symbols B
)
! Extra }, or forgotten $.
l.20     \mathcal{F}\{x(t-t_0)}
                                = e^{-j2\pi ft_0} \mathcal{F}\{x(t)\}
? 
[1

{c:/texlive/2022/texmf-var/fonts/map/pdftex/updmap/pdftex.map}] [2]
(./condensa.aux) ) 
Here is how much of TeX's memory you used:
 1663 strings out of 480193
 23771 string characters out of 5893447
 312839 words of memory out of 5000000
 19696 multiletter control sequences out of 15000+600000
 471601 words of font info for 38 fonts, out of 8000000 for 9000
 14 hyphenation exceptions out of 8191
 54i,5n,62p,225b,173s stack positions out of 10000i,1000n,20000p,200000b,200000s
 <c:/Users/biggu/.texlive2022/texmf-var/fonts/pk/ljfour/jknap
pen/ec/tcrm1000.600pk><c:/texlive/2022/texmf-dist/fonts/type1/public/amsfonts/c
m/cmbx10.pfb><c:/texlive/2022/texmf-dist/fonts/type1/public/amsfonts/cm/cmex10.
pfb><c:/texlive/2022/texmf-dist/fonts/type1/public/amsfonts/cm/cmmi10.pfb><c:/t
exlive/2022/texmf-dist/fonts/type1/public/amsfonts/cm/cmmi5.pfb><c:/texlive/202
2/texmf-dist/fonts/type1/public/amsfonts/cm/cmmi7.pfb><c:/texlive/2022/texmf-di
st/fonts/type1/public/amsfonts/cm/cmr10.pfb><c:/texlive/2022/texmf-dist/fonts/t
ype1/public/amsfonts/cm/cmr5.pfb><c:/texlive/2022/texmf-dist/fonts/type1/public
/amsfonts/cm/cmr7.pfb><c:/texlive/2022/texmf-dist/fonts/type1/public/amsfonts/c
m/cmsy10.pfb><c:/texlive/2022/texmf-dist/fonts/type1/public/amsfonts/cm/cmsy7.p
fb>
Output written on condensa.pdf (2 pages, 104661 bytes).
PDF statistics:
 66 PDF objects out of 1000 (max. 8388607)
 40 compressed objects within 1 object stream
 0 named destinations out of 1000 (max. 500000)
 1 words of extra memory for PDF output out of 10000 (max. 10000000)

